Restore Archived Project report for mips
Wed Nov 13 08:24:57 2019
Quartus Prime Version 17.1.0 Build 590 10/25/2017 SJ Lite Edition


---------------------
; Table of Contents ;
---------------------
  1. Legal Notice
  2. Restore Archived Project Summary
  3. Restore Archived Project Messages
  4. Files Restored
  5. Files Not Restored



----------------
; Legal Notice ;
----------------
Copyright (C) 2017  Intel Corporation. All rights reserved.
Your use of Intel Corporation's design tools, logic functions 
and other software and tools, and its AMPP partner logic 
functions, and any output files from any of the foregoing 
(including device programming or simulation files), and any 
associated documentation or information are expressly subject 
to the terms and conditions of the Intel Program License 
Subscription Agreement, the Intel Quartus Prime License Agreement,
the Intel FPGA IP License Agreement, or other applicable license
agreement, including, without limitation, that your use is for
the sole purpose of programming logic devices manufactured by
Intel and sold by Intel or its authorized distributors.  Please
refer to the applicable agreement for further details.



+-------------------------------------------------------------------------+
; Restore Archived Project Summary                                        ;
+---------------------------------+---------------------------------------+
; Restore Archived Project Status ; Successful - Wed Nov 13 08:24:57 2019 ;
; Revision Name                   ; mips                                  ;
; Top-level Entity Name           ; mips                                  ;
; Family                          ; Cyclone IV E                          ;
+---------------------------------+---------------------------------------+


+-----------------------------------+
; Restore Archived Project Messages ;
+-----------------------------------+
Info: Successfully restored 'C:/Users/hugoc/Downloads/mips-SemUC.qar' into the 'C:/Users/hugoc/Downloads/mips-SemUC_restored/' directory
Info: Generated report 'mips.restore.rpt'
Error (23031): Evaluation of Tcl script c:/intelfpga_lite/17.1/quartus/common/tcl/apps/qpm/qar.tcl unsuccessful
Error: Quartus Prime Shell was unsuccessful. 3 errors, 0 warnings
    Error: Peak virtual memory: 4733 megabytes
    Error: Processing ended: Wed Nov 13 08:24:57 2019
    Error: Elapsed time: 00:00:02
    Error: Total CPU time (on all processors): 00:00:02


+--------------------------+
; Files Restored           ;
+--------------------------+
; File Name                ;
+--------------------------+
; qar_info.json            ;
; assignment_defaults.qdf  ;
; ROM.vhd                  ;
; Registrador.vhd          ;
; UC_ULA.vhd               ;
; ULA.vhd                  ;
; bancoRegistradores.vhd   ;
; clock_generator.vhd      ;
; constantesMIPS.vhd       ;
; estendeSinalGenerico.vhd ;
; fluxo_dados.vhd          ;
; mips.qpf                 ;
; mips.qsf                 ;
; mips.vhd                 ;
; muxGenerico2.vhd         ;
; shift2.vhd               ;
; shift2_imediato.vhd      ;
; single_port_RAM.vhd      ;
; soma4.vhd                ;
; somador.vhd              ;
; uc.vhd                   ;
+--------------------------+


+--------------------+
; Files Not Restored ;
+--------------------+
; File Name          ;
+--------------------+


